Case #1: 1 0
Case #2: 1 0
Case #3: 1 1
Case #4: 0 0
Case #5: 500 499
Case #6: 0 0
Case #7: 3 3
Case #8: 250 249
Case #9: 2 1
Case #10: 1 1
Case #11: 0 0
Case #12: 1 1
Case #13: 1 0
Case #14: 0 0
Case #15: 0 0
Case #16: 3 2
Case #17: 0 0
Case #18: 1 0
Case #19: 0 0
Case #20: 499 499
Case #21: 0 0
Case #22: 1 1
Case #23: 1 0
Case #24: 3 2
Case #25: 1 1
Case #26: 1 0
Case #27: 1 0
Case #28: 0 0
Case #29: 3 3
Case #30: 1 0
Case #31: 7 6
Case #32: 0 0
Case #33: 1 0
Case #34: 1 1
Case #35: 0 0
Case #36: 3 3
Case #37: 0 0
Case #38: 0 0
Case #39: 0 0
Case #40: 1 1
Case #41: 0 0
Case #42: 1 0
Case #43: 0 0
Case #44: 0 0
Case #45: 0 0
Case #46: 1 0
Case #47: 1 1
Case #48: 0 0
Case #49: 1 0
Case #50: 0 0
Case #51: 3 2
Case #52: 0 0
Case #53: 3 3
Case #54: 1 1
Case #55: 1 0
Case #56: 0 0
Case #57: 1 0
Case #58: 3 2
Case #59: 125 124
Case #60: 249 249
Case #61: 0 0
Case #62: 0 0
Case #63: 0 0
Case #64: 0 0
Case #65: 1 1
Case #66: 0 0
Case #67: 0 0
Case #68: 0 0
Case #69: 0 0
Case #70: 1 0
Case #71: 0 0
Case #72: 0 0
Case #73: 0 0
Case #74: 1 0
Case #75: 0 0
Case #76: 1 0
Case #77: 0 0
Case #78: 7 6
Case #79: 0 0
Case #80: 1 0
Case #81: 250 249
Case #82: 0 0
Case #83: 0 0
Case #84: 0 0
Case #85: 0 0
Case #86: 0 0
Case #87: 1 0
Case #88: 2 2
Case #89: 0 0
Case #90: 0 0
Case #91: 0 0
Case #92: 0 0
Case #93: 0 0
Case #94: 0 0
Case #95: 0 0
Case #96: 1 0
Case #97: 0 0
Case #98: 1 1
Case #99: 0 0
Case #100: 1 0
